<?xml version="1.0" encoding="UTF-8"?>
<!-- Generated by org.testng.reporters.JUnitXMLReporter -->
<testsuite ignored="6" hostname="DESKTOP-282LJO3" failures="0" tests="1" name="Default test" time="16.299" errors="0" timestamp="2024-06-08T14:28:22 IST">
  <testcase classname="Test_LumaSite.SignInpage_verify" name="verifyResetpwdfunction_Test" time="2.389"/>
  <testcase classname="Test_LumaSite.SignInpage_verify" name="verifyCrtActBtn_Test" time="0.0">
    <ignored/>
  </testcase> <!-- verifyCrtActBtn_Test -->
  <testcase classname="Test_LumaSite.SignInpage_verify" name="verifyEmailTxtDisplay_Test" time="0.0">
    <ignored/>
  </testcase> <!-- verifyEmailTxtDisplay_Test -->
  <testcase classname="Test_LumaSite.SignInpage_verify" name="verifySignInlinkfunction_Test" time="0.0">
    <ignored/>
  </testcase> <!-- verifySignInlinkfunction_Test -->
  <testcase classname="Test_LumaSite.SignInpage_verify" name="verifyForgotPwdFunction_Test" time="0.0">
    <ignored/>
  </testcase> <!-- verifyForgotPwdFunction_Test -->
  <testcase classname="Test_LumaSite.SignInpage_verify" name="verifyForgotPwdLinkDisplay_Test" time="0.0">
    <ignored/>
  </testcase> <!-- verifyForgotPwdLinkDisplay_Test -->
  <testcase classname="Test_LumaSite.SignInpage_verify" name="verifyPasswordTxtDisplay_Test" time="0.0">
    <ignored/>
  </testcase> <!-- verifyPasswordTxtDisplay_Test -->
</testsuite> <!-- Default test -->
