<?xml version="1.0" encoding="UTF-8"?>
<!-- Generated by org.testng.reporters.JUnitXMLReporter -->
<testsuite ignored="0" hostname="DESKTOP-282LJO3" failures="0" tests="29" name="Lumatest" time="463.498" errors="0" timestamp="2024-06-13T17:31:26 IST">
  <testcase classname="Test_LumaSite.ForgotPwdPg_Verify" name="verifyFrgtPwdFunction_Test" time="7.125"/>
  <testcase classname="Test_LumaSite.ForgotPwdPg_Verify" name="verifyFrgtPwdLinkDisplay_Test" time="0.084"/>
  <testcase classname="Test_LumaSite.ForgotPwdPg_Verify" name="verifyResetpwdfunction_Test" time="2.801"/>
  <testcase classname="Test_LumaSite.SignInpgEleDisplay_Verify" name="verifyCrtActBtn_Test" time="0.094"/>
  <testcase classname="Test_LumaSite.SignInpgEleDisplay_Verify" name="verifyEmailTxtDisplay_Test" time="0.182"/>
  <testcase classname="Test_LumaSite.SignInpgEleDisplay_Verify" name="verifyPasswordTxtDisplay_Test" time="0.11"/>
  <testcase classname="Test_LumaSite.SignInpgEleDisplay_Verify" name="verifySignInlinkfunction_Test" time="3.745"/>
  <testcase classname="Test_LumaSite.Homepage_verify" name="verifyPageTitle_Test" time="0.022"/>
  <testcase classname="Test_LumaSite.Homepage_verify" name="VerifyLogoDisplay_Test" time="0.128"/>
  <testcase classname="Test_LumaSite.Homepage_verify" name="verifySignInlinkDisplay_Test" time="1.659"/>
  <testcase classname="Test_LumaSite.Homepage_verify" name="verifyCreateAccountDisplay_Test" time="2.925"/>
  <testcase classname="Test_LumaSite.Homepage_verify" name="verifySearchboxDisplay_Test" time="0.286"/>
  <testcase classname="Test_LumaSite.MenTab_Verify" name="ClickMenTab_Test" time="7.83"/>
  <testcase classname="Test_LumaSite.MenTab_Verify" name="ClickMen_Bottoms_Test" time="13.9"/>
  <testcase classname="Test_LumaSite.MenTab_Verify" name="ClickMen_Top_Test" time="12.505"/>
  <testcase classname="Test_LumaSite.WomenMenu_Verify" name="ClickWmTopRaincoat_Test" time="18.088"/>
  <testcase classname="Test_LumaSite.WomenMenu_Verify" name="ClickWomenBottoms_Test" time="12.728"/>
  <testcase classname="Test_LumaSite.WomenMenu_Verify" name="ClickWomenTops_Test" time="19.568"/>
  <testcase classname="Test_LumaSite.WomenMenu_Verify" name="ClickWomen_Test" time="6.258"/>
  <testcase classname="Test_LumaSite.WomenMenu_Verify" name="CountOFAddtoCart_Verify_Test" time="18.533"/>
  <testcase classname="Test_LumaSite.SignInpgErrMsg_Verify" name="Verify_EmailErrorMsg_Test" time="1.711"/>
  <testcase classname="Test_LumaSite.SignInpgErrMsg_Verify" name="Verify_EmlPwdErMsg_Test" time="0.509"/>
  <testcase classname="Test_LumaSite.SignInpgErrMsg_Verify" name="Verify_PwdErrorMsg_Test" time="0.612"/>
  <testcase classname="Test_LumaSite.CrtActpgErrMsg_Verify" name="Verify_AllTxtErmsg_Test" time="2.03"/>
  <testcase classname="Test_LumaSite.CrtActpgErrMsg_Verify" name="Verify_CnfPwdErmsg_Test" time="1.95"/>
  <testcase classname="Test_LumaSite.CrtActpgErrMsg_Verify" name="Verify_EmlErmsg_Test" time="2.402"/>
  <testcase classname="Test_LumaSite.CrtActpgErrMsg_Verify" name="Verify_FnameErmsg_Test" time="0.859"/>
  <testcase classname="Test_LumaSite.CrtActpgErrMsg_Verify" name="Verify_LstnameErmsg_Test" time="0.998"/>
  <testcase classname="Test_LumaSite.CrtActpgErrMsg_Verify" name="Verify_PwdErmsg_Test" time="1.519"/>
</testsuite> <!-- Lumatest -->
