<?xml version="1.0" encoding="UTF-8"?>
<testng-results ignored="6" total="7" passed="1" failed="0" skipped="0">
  <reporter-output>
  </reporter-output>
  <suite started-at="2024-06-08T14:28:06 IST" name="Default suite" finished-at="2024-06-08T14:28:22 IST" duration-ms="16299">
    <groups>
    </groups>
    <test started-at="2024-06-08T14:28:06 IST" name="Default test" finished-at="2024-06-08T14:28:22 IST" duration-ms="16299">
      <class name="Test_LumaSite.SignInpage_verify">
        <test-method is-config="true" signature="openSignIn()[pri:0, instance:Test_LumaSite.SignInpage_verify@40e10ff8]" started-at="2024-06-08T14:28:06 IST" name="openSignIn" finished-at="2024-06-08T14:28:19 IST" duration-ms="12540" status="PASS">
          <reporter-output>
          </reporter-output>
        </test-method> <!-- openSignIn -->
        <test-method signature="verifyResetpwdfunction_Test()[pri:0, instance:Test_LumaSite.SignInpage_verify@40e10ff8]" started-at="2024-06-08T14:28:19 IST" name="verifyResetpwdfunction_Test" finished-at="2024-06-08T14:28:21 IST" duration-ms="2389" status="PASS">
          <reporter-output>
          </reporter-output>
        </test-method> <!-- verifyResetpwdfunction_Test -->
        <test-method is-config="true" signature="closedriver()[pri:0, instance:Test_LumaSite.SignInpage_verify@40e10ff8]" started-at="2024-06-08T14:28:21 IST" name="closedriver" finished-at="2024-06-08T14:28:22 IST" duration-ms="1300" status="PASS">
          <reporter-output>
          </reporter-output>
        </test-method> <!-- closedriver -->
      </class> <!-- Test_LumaSite.SignInpage_verify -->
    </test> <!-- Default test -->
  </suite> <!-- Default suite -->
</testng-results>
